<?xml version="1.0" encoding="UTF-8"?>
<!-- Generated by org.testng.reporters.JUnitXMLReporter -->
<testsuite ignored="0" hostname="LAPTOP-67EKALV8" failures="0" tests="3" name="Test" time="21.526" errors="0" timestamp="2023-08-23T01:11:33 IST">
  <testcase classname="e_commerce.Flipkart" name="flipkart_test" time="10.384"/>
  <testcase classname="e_commerce.Amazon" name="amazon_test" time="6.407"/>
  <testcase classname="e_commerce.Meesho" name="meesho_test" time="4.671"/>
</testsuite> <!-- Test -->
