<?xml version="1.0" encoding="UTF-8"?>
<!-- Generated by org.testng.reporters.JUnitXMLReporter -->
<testsuite ignored="0" hostname="LAPTOP-67EKALV8" failures="0" tests="3" name="Test" time="27.75" errors="0" timestamp="2023-08-23T23:50:20 IST">
  <testcase classname="e_commerce.Flipkart" name="flipkart_test" time="8.334"/>
  <testcase classname="e_commerce.Amazon" name="amazon_test" time="15.669"/>
  <testcase classname="e_commerce.Meesho" name="meesho_test" time="3.69"/>
</testsuite> <!-- Test -->
