<?xml version="1.0" encoding="UTF-8"?>
<!-- Generated by org.testng.reporters.JUnitXMLReporter -->
<testsuite ignored="0" hostname="LAPTOP-67EKALV8" failures="0" tests="3" name="Test" time="77.878" errors="0" timestamp="2023-08-24T02:47:28 IST">
  <testcase classname="e_commerce.Flipkart" name="flipkart_test" time="30.024"/>
  <testcase classname="e_commerce.Amazon" name="amazon_test" time="31.892"/>
  <testcase classname="e_commerce.Meesho" name="meesho_test" time="15.893"/>
</testsuite> <!-- Test -->
