<?xml version="1.0" encoding="UTF-8"?>
<testng-results ignored="0" total="3" passed="3" failed="0" skipped="0">
  <reporter-output>
    <line>
      <![CDATA[opening flipkart]]>
    </line>
    <line>
      <![CDATA[opening amazon]]>
    </line>
    <line>
      <![CDATA[opening meesho]]>
    </line>
  </reporter-output>
  <suite started-at="2023-08-24T02:46:10 IST" name="Suite" finished-at="2023-08-24T02:47:28 IST" duration-ms="77878">
    <groups>
    </groups>
    <test started-at="2023-08-24T02:46:10 IST" name="Test" finished-at="2023-08-24T02:47:28 IST" duration-ms="77878">
      <class name="e_commerce.Meesho">
        <test-method signature="meesho_test()[pri:0, instance:e_commerce.Meesho@4ac3c60d]" started-at="2023-08-24T02:47:12 IST" name="meesho_test" finished-at="2023-08-24T02:47:28 IST" duration-ms="15893" status="PASS">
          <reporter-output>
            <line>
              <![CDATA[opening meesho]]>
            </line>
          </reporter-output>
        </test-method> <!-- meesho_test -->
      </class> <!-- e_commerce.Meesho -->
      <class name="e_commerce.Amazon">
        <test-method signature="amazon_test()[pri:0, instance:e_commerce.Amazon@3911c2a7]" started-at="2023-08-24T02:46:40 IST" name="amazon_test" finished-at="2023-08-24T02:47:12 IST" duration-ms="31892" status="PASS">
          <reporter-output>
            <line>
              <![CDATA[opening amazon]]>
            </line>
          </reporter-output>
        </test-method> <!-- amazon_test -->
      </class> <!-- e_commerce.Amazon -->
      <class name="e_commerce.Flipkart">
        <test-method signature="flipkart_test()[pri:0, instance:e_commerce.Flipkart@1139b2f3]" started-at="2023-08-24T02:46:10 IST" name="flipkart_test" finished-at="2023-08-24T02:46:40 IST" duration-ms="30024" status="PASS">
          <reporter-output>
            <line>
              <![CDATA[opening flipkart]]>
            </line>
          </reporter-output>
        </test-method> <!-- flipkart_test -->
      </class> <!-- e_commerce.Flipkart -->
    </test> <!-- Test -->
  </suite> <!-- Suite -->
</testng-results>
