<?xml version="1.0" encoding="UTF-8"?>
<testng-results ignored="0" total="3" passed="3" failed="0" skipped="0">
  <reporter-output>
    <line>
      <![CDATA[opening flipkart]]>
    </line>
    <line>
      <![CDATA[opening amazon]]>
    </line>
    <line>
      <![CDATA[opening meesho]]>
    </line>
  </reporter-output>
  <suite started-at="2023-08-23T01:20:57 IST" name="Suite" finished-at="2023-08-23T01:21:14 IST" duration-ms="16420">
    <groups>
    </groups>
    <test started-at="2023-08-23T01:20:57 IST" name="Test" finished-at="2023-08-23T01:21:14 IST" duration-ms="16420">
      <class name="e_commerce.Meesho">
        <test-method signature="meesho_test()[pri:0, instance:e_commerce.Meesho@1725dc0f]" started-at="2023-08-23T01:21:09 IST" name="meesho_test" finished-at="2023-08-23T01:21:14 IST" duration-ms="4422" status="PASS">
          <reporter-output>
            <line>
              <![CDATA[opening meesho]]>
            </line>
          </reporter-output>
        </test-method> <!-- meesho_test -->
      </class> <!-- e_commerce.Meesho -->
      <class name="e_commerce.Amazon">
        <test-method signature="amazon_test()[pri:0, instance:e_commerce.Amazon@31368b99]" started-at="2023-08-23T01:21:04 IST" name="amazon_test" finished-at="2023-08-23T01:21:09 IST" duration-ms="5723" status="PASS">
          <reporter-output>
            <line>
              <![CDATA[opening amazon]]>
            </line>
          </reporter-output>
        </test-method> <!-- amazon_test -->
      </class> <!-- e_commerce.Amazon -->
      <class name="e_commerce.Flipkart">
        <test-method signature="flipkart_test()[pri:0, instance:e_commerce.Flipkart@5c30a9b0]" started-at="2023-08-23T01:20:57 IST" name="flipkart_test" finished-at="2023-08-23T01:21:04 IST" duration-ms="6219" status="PASS">
          <reporter-output>
            <line>
              <![CDATA[opening flipkart]]>
            </line>
          </reporter-output>
        </test-method> <!-- flipkart_test -->
      </class> <!-- e_commerce.Flipkart -->
    </test> <!-- Test -->
  </suite> <!-- Suite -->
</testng-results>
