<?xml version="1.0" encoding="UTF-8"?>
<testng-results ignored="0" total="1" passed="1" failed="0" skipped="0">
  <reporter-output>
    <line>
      <![CDATA[opening myntra]]>
    </line>
  </reporter-output>
  <suite started-at="2023-08-26T01:00:44 IST" name="Default suite" finished-at="2023-08-26T01:00:56 IST" duration-ms="12076">
    <groups>
    </groups>
    <test started-at="2023-08-26T01:00:44 IST" name="Default test" finished-at="2023-08-26T01:00:56 IST" duration-ms="12076">
      <class name="e_commerce.Myntra">
        <test-method signature="myntra_test()[pri:0, instance:e_commerce.Myntra@1d2adfbe]" started-at="2023-08-26T01:00:44 IST" name="myntra_test" finished-at="2023-08-26T01:00:56 IST" duration-ms="11978" status="PASS">
          <reporter-output>
            <line>
              <![CDATA[opening myntra]]>
            </line>
          </reporter-output>
        </test-method> <!-- myntra_test -->
      </class> <!-- e_commerce.Myntra -->
    </test> <!-- Default test -->
  </suite> <!-- Default suite -->
</testng-results>
