<?xml version="1.0" encoding="UTF-8"?>
<testng-results ignored="0" total="3" passed="3" failed="0" skipped="0">
  <reporter-output>
    <line>
      <![CDATA[opening flipkart]]>
    </line>
    <line>
      <![CDATA[opening amazon]]>
    </line>
    <line>
      <![CDATA[opening meesho]]>
    </line>
  </reporter-output>
  <suite started-at="2023-08-23T01:11:11 IST" name="Suite" finished-at="2023-08-23T01:11:33 IST" duration-ms="21526">
    <groups>
    </groups>
    <test started-at="2023-08-23T01:11:11 IST" name="Test" finished-at="2023-08-23T01:11:33 IST" duration-ms="21526">
      <class name="e_commerce.Meesho">
        <test-method signature="meesho_test()[pri:0, instance:e_commerce.Meesho@5c33f1a9]" started-at="2023-08-23T01:11:28 IST" name="meesho_test" finished-at="2023-08-23T01:11:33 IST" duration-ms="4671" status="PASS">
          <reporter-output>
            <line>
              <![CDATA[opening meesho]]>
            </line>
          </reporter-output>
        </test-method> <!-- meesho_test -->
      </class> <!-- e_commerce.Meesho -->
      <class name="e_commerce.Amazon">
        <test-method signature="amazon_test()[pri:0, instance:e_commerce.Amazon@7f0eb4b4]" started-at="2023-08-23T01:11:22 IST" name="amazon_test" finished-at="2023-08-23T01:11:28 IST" duration-ms="6407" status="PASS">
          <reporter-output>
            <line>
              <![CDATA[opening amazon]]>
            </line>
          </reporter-output>
        </test-method> <!-- amazon_test -->
      </class> <!-- e_commerce.Amazon -->
      <class name="e_commerce.Flipkart">
        <test-method signature="flipkart_test()[pri:0, instance:e_commerce.Flipkart@436813f3]" started-at="2023-08-23T01:11:11 IST" name="flipkart_test" finished-at="2023-08-23T01:11:22 IST" duration-ms="10384" status="PASS">
          <reporter-output>
            <line>
              <![CDATA[opening flipkart]]>
            </line>
          </reporter-output>
        </test-method> <!-- flipkart_test -->
      </class> <!-- e_commerce.Flipkart -->
    </test> <!-- Test -->
  </suite> <!-- Suite -->
</testng-results>
